<?xml version="1.0" encoding="UTF-8"?>
<coverage generated="1774078209709" clover="3.2.0">
  <project timestamp="1774078209709" name="All files">
    <metrics statements="89" coveredstatements="88" conditionals="22" coveredconditionals="19" methods="29" coveredmethods="27" elements="140" coveredelements="134" complexity="0" loc="89" ncloc="89" packages="2" files="6" classes="6"/>
    <package name="context">
      <metrics statements="22" coveredstatements="21" conditionals="2" coveredconditionals="1" methods="6" coveredmethods="4"/>
      <file name="AppContext.tsx" path="/app/src/context/AppContext.tsx">
        <metrics statements="2" coveredstatements="2" conditionals="0" coveredconditionals="0" methods="1" coveredmethods="1"/>
        <line num="1" count="1" type="stmt"/>
        <line num="13" count="2" type="stmt"/>
      </file>
      <file name="UIContext.tsx" path="/app/src/context/UIContext.tsx">
        <metrics statements="20" coveredstatements="19" conditionals="2" coveredconditionals="1" methods="5" coveredmethods="3"/>
        <line num="1" count="2" type="stmt"/>
        <line num="51" count="2" type="stmt"/>
        <line num="54" count="8" type="stmt"/>
        <line num="55" count="8" type="stmt"/>
        <line num="56" count="8" type="stmt"/>
        <line num="57" count="8" type="stmt"/>
        <line num="58" count="8" type="stmt"/>
        <line num="59" count="8" type="stmt"/>
        <line num="60" count="8" type="stmt"/>
        <line num="61" count="8" type="stmt"/>
        <line num="65" count="8" type="stmt"/>
        <line num="66" count="8" type="stmt"/>
        <line num="67" count="8" type="stmt"/>
        <line num="69" count="8" type="stmt"/>
        <line num="70" count="0" type="stmt"/>
        <line num="73" count="8" type="stmt"/>
        <line num="111" count="8" type="stmt"/>
        <line num="115" count="17" type="stmt"/>
        <line num="116" count="17" type="cond" truecount="1" falsecount="1"/>
        <line num="117" count="17" type="stmt"/>
      </file>
    </package>
    <package name="lib">
      <metrics statements="67" coveredstatements="67" conditionals="20" coveredconditionals="18" methods="23" coveredmethods="23"/>
      <file name="audit.ts" path="/app/src/lib/audit.ts">
        <metrics statements="3" coveredstatements="3" conditionals="2" coveredconditionals="2" methods="1" coveredmethods="1"/>
        <line num="25" count="2" type="stmt"/>
        <line num="26" count="2" type="stmt"/>
        <line num="40" count="1" type="stmt"/>
      </file>
      <file name="logger.ts" path="/app/src/lib/logger.ts">
        <metrics statements="13" coveredstatements="13" conditionals="6" coveredconditionals="5" methods="5" coveredmethods="5"/>
        <line num="13" count="2" type="stmt"/>
        <line num="14" count="9" type="stmt"/>
        <line num="21" count="9" type="cond" truecount="2" falsecount="0"/>
        <line num="22" count="1" type="stmt"/>
        <line num="27" count="8" type="cond" truecount="2" falsecount="0"/>
        <line num="28" count="1" type="stmt"/>
        <line num="31" count="9" type="stmt"/>
        <line num="34" count="2" type="stmt"/>
        <line num="36" count="5" type="stmt"/>
        <line num="39" count="1" type="stmt"/>
        <line num="42" count="2" type="stmt"/>
        <line num="45" count="1" type="cond" truecount="1" falsecount="1"/>
        <line num="46" count="1" type="stmt"/>
      </file>
      <file name="pdfService.ts" path="/app/src/lib/pdfService.ts">
        <metrics statements="21" coveredstatements="21" conditionals="2" coveredconditionals="2" methods="1" coveredmethods="1"/>
        <line num="11" count="2" type="stmt"/>
        <line num="12" count="2" type="cond" truecount="2" falsecount="0"/>
        <line num="13" count="1" type="stmt"/>
        <line num="18" count="1" type="stmt"/>
        <line num="25" count="1" type="stmt"/>
        <line num="28" count="1" type="stmt"/>
        <line num="34" count="1" type="stmt"/>
        <line num="38" count="1" type="stmt"/>
        <line num="39" count="1" type="stmt"/>
        <line num="40" count="1" type="stmt"/>
        <line num="43" count="1" type="stmt"/>
        <line num="44" count="1" type="stmt"/>
        <line num="46" count="1" type="stmt"/>
        <line num="47" count="1" type="stmt"/>
        <line num="49" count="1" type="stmt"/>
        <line num="50" count="1" type="stmt"/>
        <line num="51" count="1" type="stmt"/>
        <line num="52" count="1" type="stmt"/>
        <line num="53" count="1" type="stmt"/>
        <line num="56" count="1" type="stmt"/>
        <line num="57" count="1" type="stmt"/>
      </file>
      <file name="utils.ts" path="/app/src/lib/utils.ts">
        <metrics statements="30" coveredstatements="30" conditionals="10" coveredconditionals="9" methods="16" coveredmethods="16"/>
        <line num="10" count="1" type="stmt"/>
        <line num="15" count="5" type="stmt"/>
        <line num="16" count="5" type="stmt"/>
        <line num="17" count="5" type="cond" truecount="2" falsecount="0"/>
        <line num="19" count="2" type="stmt"/>
        <line num="24" count="2" type="stmt"/>
        <line num="25" count="2" type="stmt"/>
        <line num="27" count="1" type="stmt"/>
        <line num="33" count="4" type="stmt"/>
        <line num="56" count="148" type="stmt"/>
        <line num="57" count="148" type="stmt"/>
        <line num="58" count="148" type="stmt"/>
        <line num="59" count="148" type="stmt"/>
        <line num="61" count="148" type="stmt"/>
        <line num="78" count="1" type="stmt"/>
        <line num="90" count="1" type="stmt"/>
        <line num="98" count="10" type="stmt"/>
        <line num="99" count="10" type="stmt"/>
        <line num="100" count="10" type="stmt"/>
        <line num="101" count="10" type="stmt"/>
        <line num="103" count="10" type="stmt"/>
        <line num="104" count="3" type="cond" truecount="2" falsecount="0"/>
        <line num="105" count="3" type="stmt"/>
        <line num="106" count="3" type="stmt"/>
        <line num="107" count="3" type="cond" truecount="2" falsecount="0"/>
        <line num="108" count="2" type="cond" truecount="2" falsecount="0"/>
        <line num="109" count="1" type="cond" truecount="1" falsecount="1"/>
        <line num="113" count="10" type="stmt"/>
        <line num="120" count="3" type="stmt"/>
        <line num="121" count="3" type="stmt"/>
      </file>
    </package>
  </project>
</coverage>
