{"/app/src/context/AppContext.tsx": {"path":"/app/src/context/AppContext.tsx","statementMap":{"0":{"start":{"line":1,"column":0},"end":{"line":1,"column":null}},"1":{"start":{"line":13,"column":2},"end":{"line":18,"column":null}}},"fnMap":{"0":{"name":"AppProvider","decl":{"start":{"line":12,"column":16},"end":{"line":12,"column":28}},"loc":{"start":{"line":12,"column":67},"end":{"line":18,"column":null}},"line":12}},"branchMap":{},"s":{"0":1,"1":2},"f":{"0":2},"b":{},"meta":{"lastBranch":0,"lastFunction":1,"lastStatement":2,"seen":{"s:1:0:1:Infinity":0,"f:12:16:12:28":0,"s:13:2:18:Infinity":1}}}
,"/app/src/context/UIContext.tsx": {"path":"/app/src/context/UIContext.tsx","statementMap":{"0":{"start":{"line":1,"column":0},"end":{"line":1,"column":null}},"1":{"start":{"line":51,"column":6},"end":{"line":51,"column":67}},"2":{"start":{"line":54,"column":15},"end":{"line":54,"column":52}},"3":{"start":{"line":55,"column":27},"end":{"line":55,"column":65}},"4":{"start":{"line":56,"column":21},"end":{"line":56,"column":69}},"5":{"start":{"line":57,"column":21},"end":{"line":57,"column":62}},"6":{"start":{"line":58,"column":30},"end":{"line":58,"column":83}},"7":{"start":{"line":59,"column":27},"end":{"line":59,"column":82}},"8":{"start":{"line":60,"column":22},"end":{"line":60,"column":77}},"9":{"start":{"line":61,"column":25},"end":{"line":64,"column":17}},"10":{"start":{"line":65,"column":22},"end":{"line":65,"column":54}},"11":{"start":{"line":66,"column":21},"end":{"line":66,"column":67}},"12":{"start":{"line":67,"column":26},"end":{"line":67,"column":63}},"13":{"start":{"line":69,"column":8},"end":{"line":71,"column":8}},"14":{"start":{"line":70,"column":4},"end":{"line":70,"column":null}},"15":{"start":{"line":70,"column":30},"end":{"line":70,"column":62}},"16":{"start":{"line":73,"column":8},"end":{"line":109,"column":4}},"17":{"start":{"line":73,"column":31},"end":{"line":96,"column":6}},"18":{"start":{"line":111,"column":2},"end":{"line":111,"column":null}},"19":{"start":{"line":115,"column":8},"end":{"line":115,"column":35}},"20":{"start":{"line":116,"column":2},"end":{"line":116,"column":null}},"21":{"start":{"line":116,"column":12},"end":{"line":116,"column":null}},"22":{"start":{"line":117,"column":2},"end":{"line":117,"column":null}}},"fnMap":{"0":{"name":"UIProvider","decl":{"start":{"line":53,"column":16},"end":{"line":53,"column":27}},"loc":{"start":{"line":53,"column":66},"end":{"line":111,"column":null}},"line":53},"1":{"name":"(anonymous_1)","decl":{"start":{"line":69,"column":25},"end":{"line":69,"column":38}},"loc":{"start":{"line":69,"column":54},"end":{"line":71,"column":7}},"line":69},"2":{"name":"(anonymous_2)","decl":{"start":{"line":70,"column":4},"end":{"line":70,"column":20}},"loc":{"start":{"line":70,"column":30},"end":{"line":70,"column":62}},"line":70},"3":{"name":"(anonymous_3)","decl":{"start":{"line":73,"column":16},"end":{"line":73,"column":31}},"loc":{"start":{"line":73,"column":31},"end":{"line":96,"column":6}},"line":73},"4":{"name":"useUI","decl":{"start":{"line":114,"column":16},"end":{"line":114,"column":24}},"loc":{"start":{"line":114,"column":24},"end":{"line":117,"column":null}},"line":114}},"branchMap":{"0":{"loc":{"start":{"line":116,"column":2},"end":{"line":116,"column":null}},"type":"if","locations":[{"start":{"line":116,"column":2},"end":{"line":116,"column":null}},{"start":{},"end":{}}],"line":116}},"s":{"0":2,"1":2,"2":8,"3":8,"4":8,"5":8,"6":8,"7":8,"8":8,"9":8,"10":8,"11":8,"12":8,"13":8,"14":0,"15":0,"16":8,"17":7,"18":8,"19":17,"20":17,"21":0,"22":17},"f":{"0":8,"1":0,"2":0,"3":7,"4":17},"b":{"0":[0,17]},"meta":{"lastBranch":1,"lastFunction":5,"lastStatement":23,"seen":{"s:1:0:1:Infinity":0,"s:51:6:51:67":1,"f:53:16:53:27":0,"s:54:15:54:52":2,"s:55:27:55:65":3,"s:56:21:56:69":4,"s:57:21:57:62":5,"s:58:30:58:83":6,"s:59:27:59:82":7,"s:60:22:60:77":8,"s:61:25:64:17":9,"s:65:22:65:54":10,"s:66:21:66:67":11,"s:67:26:67:63":12,"s:69:8:71:8":13,"f:69:25:69:38":1,"s:70:4:70:Infinity":14,"f:70:4:70:20":2,"s:70:30:70:62":15,"s:73:8:109:4":16,"f:73:16:73:31":3,"s:73:31:96:6":17,"s:111:2:111:Infinity":18,"f:114:16:114:24":4,"s:115:8:115:35":19,"b:116:2:116:Infinity:undefined:undefined:undefined:undefined":0,"s:116:2:116:Infinity":20,"s:116:12:116:Infinity":21,"s:117:2:117:Infinity":22}}}
,"/app/src/lib/audit.ts": {"path":"/app/src/lib/audit.ts","statementMap":{"0":{"start":{"line":25,"column":2},"end":{"line":40,"column":null}},"1":{"start":{"line":26,"column":4},"end":{"line":36,"column":null}},"2":{"start":{"line":40,"column":4},"end":{"line":40,"column":null}}},"fnMap":{"0":{"name":"logActivity","decl":{"start":{"line":8,"column":22},"end":{"line":8,"column":34}},"loc":{"start":{"line":24,"column":3},"end":{"line":40,"column":null}},"line":24}},"branchMap":{"0":{"loc":{"start":{"line":33,"column":18},"end":{"line":33,"column":32}},"type":"binary-expr","locations":[{"start":{"line":33,"column":18},"end":{"line":33,"column":30}},{"start":{"line":33,"column":30},"end":{"line":33,"column":32}}],"line":33}},"s":{"0":2,"1":2,"2":1},"f":{"0":2},"b":{"0":[2,2]},"meta":{"lastBranch":1,"lastFunction":1,"lastStatement":3,"seen":{"f:8:22:8:34":0,"s:25:2:40:Infinity":0,"s:26:4:36:Infinity":1,"b:33:18:33:30:33:30:33:32":0,"s:40:4:40:Infinity":2}}}
,"/app/src/lib/logger.ts": {"path":"/app/src/lib/logger.ts","statementMap":{"0":{"start":{"line":13,"column":6},"end":{"line":31,"column":null}},"1":{"start":{"line":14,"column":38},"end":{"line":19,"column":null}},"2":{"start":{"line":21,"column":2},"end":{"line":28,"column":null}},"3":{"start":{"line":22,"column":4},"end":{"line":26,"column":null}},"4":{"start":{"line":27,"column":13},"end":{"line":28,"column":null}},"5":{"start":{"line":28,"column":4},"end":{"line":28,"column":null}},"6":{"start":{"line":31,"column":2},"end":{"line":31,"column":null}},"7":{"start":{"line":34,"column":22},"end":{"line":49,"column":null}},"8":{"start":{"line":36,"column":4},"end":{"line":36,"column":null}},"9":{"start":{"line":39,"column":4},"end":{"line":39,"column":null}},"10":{"start":{"line":42,"column":4},"end":{"line":42,"column":null}},"11":{"start":{"line":45,"column":4},"end":{"line":46,"column":null}},"12":{"start":{"line":46,"column":6},"end":{"line":46,"column":null}}},"fnMap":{"0":{"name":"(anonymous_0)","decl":{"start":{"line":13,"column":6},"end":{"line":13,"column":25}},"loc":{"start":{"line":13,"column":101},"end":{"line":31,"column":null}},"line":13},"1":{"name":"(anonymous_1)","decl":{"start":{"line":35,"column":2},"end":{"line":35,"column":9}},"loc":{"start":{"line":35,"column":51},"end":{"line":36,"column":null}},"line":35},"2":{"name":"(anonymous_2)","decl":{"start":{"line":38,"column":2},"end":{"line":38,"column":9}},"loc":{"start":{"line":38,"column":51},"end":{"line":39,"column":null}},"line":38},"3":{"name":"(anonymous_3)","decl":{"start":{"line":41,"column":2},"end":{"line":41,"column":10}},"loc":{"start":{"line":41,"column":69},"end":{"line":42,"column":null}},"line":41},"4":{"name":"(anonymous_4)","decl":{"start":{"line":44,"column":2},"end":{"line":44,"column":10}},"loc":{"start":{"line":44,"column":52},"end":{"line":46,"column":null}},"line":44}},"branchMap":{"0":{"loc":{"start":{"line":21,"column":2},"end":{"line":28,"column":null}},"type":"if","locations":[{"start":{"line":21,"column":2},"end":{"line":28,"column":null}},{"start":{"line":27,"column":13},"end":{"line":28,"column":null}}],"line":21},"1":{"loc":{"start":{"line":27,"column":13},"end":{"line":28,"column":null}},"type":"if","locations":[{"start":{"line":27,"column":13},"end":{"line":28,"column":null}},{"start":{},"end":{}}],"line":27},"2":{"loc":{"start":{"line":45,"column":4},"end":{"line":46,"column":null}},"type":"if","locations":[{"start":{"line":45,"column":4},"end":{"line":46,"column":null}},{"start":{},"end":{}}],"line":45}},"s":{"0":2,"1":9,"2":9,"3":1,"4":8,"5":1,"6":9,"7":2,"8":5,"9":1,"10":2,"11":1,"12":1},"f":{"0":9,"1":5,"2":1,"3":2,"4":1},"b":{"0":[1,8],"1":[1,7],"2":[1,0]},"meta":{"lastBranch":3,"lastFunction":5,"lastStatement":13,"seen":{"s:13:6:31:Infinity":0,"f:13:6:13:25":0,"s:14:38:19:Infinity":1,"b:21:2:28:Infinity:27:13:28:Infinity":0,"s:21:2:28:Infinity":2,"s:22:4:26:Infinity":3,"b:27:13:28:Infinity:undefined:undefined:undefined:undefined":1,"s:27:13:28:Infinity":4,"s:28:4:28:Infinity":5,"s:31:2:31:Infinity":6,"s:34:22:49:Infinity":7,"f:35:2:35:9":1,"s:36:4:36:Infinity":8,"f:38:2:38:9":2,"s:39:4:39:Infinity":9,"f:41:2:41:10":3,"s:42:4:42:Infinity":10,"f:44:2:44:10":4,"b:45:4:46:Infinity:undefined:undefined:undefined:undefined":2,"s:45:4:46:Infinity":11,"s:46:6:46:Infinity":12}}}
,"/app/src/lib/pdfService.ts": {"path":"/app/src/lib/pdfService.ts","statementMap":{"0":{"start":{"line":11,"column":18},"end":{"line":11,"column":52}},"1":{"start":{"line":12,"column":2},"end":{"line":13,"column":null}},"2":{"start":{"line":13,"column":4},"end":{"line":13,"column":null}},"3":{"start":{"line":18,"column":17},"end":{"line":23,"column":4}},"4":{"start":{"line":25,"column":18},"end":{"line":25,"column":47}},"5":{"start":{"line":28,"column":14},"end":{"line":32,"column":4}},"6":{"start":{"line":34,"column":2},"end":{"line":36,"column":null}},"7":{"start":{"line":38,"column":19},"end":{"line":38,"column":50}},"8":{"start":{"line":39,"column":19},"end":{"line":39,"column":51}},"9":{"start":{"line":40,"column":21},"end":{"line":40,"column":null}},"10":{"start":{"line":43,"column":19},"end":{"line":43,"column":null}},"11":{"start":{"line":44,"column":17},"end":{"line":44,"column":null}},"12":{"start":{"line":46,"column":2},"end":{"line":46,"column":null}},"13":{"start":{"line":47,"column":2},"end":{"line":47,"column":null}},"14":{"start":{"line":49,"column":2},"end":{"line":53,"column":null}},"15":{"start":{"line":50,"column":4},"end":{"line":50,"column":null}},"16":{"start":{"line":51,"column":4},"end":{"line":51,"column":null}},"17":{"start":{"line":52,"column":4},"end":{"line":52,"column":null}},"18":{"start":{"line":53,"column":4},"end":{"line":53,"column":null}},"19":{"start":{"line":56,"column":15},"end":{"line":56,"column":33}},"20":{"start":{"line":57,"column":2},"end":{"line":57,"column":null}}},"fnMap":{"0":{"name":"generatePDF","decl":{"start":{"line":10,"column":22},"end":{"line":10,"column":34}},"loc":{"start":{"line":10,"column":88},"end":{"line":57,"column":null}},"line":10}},"branchMap":{"0":{"loc":{"start":{"line":12,"column":2},"end":{"line":13,"column":null}},"type":"if","locations":[{"start":{"line":12,"column":2},"end":{"line":13,"column":null}},{"start":{},"end":{}}],"line":12}},"s":{"0":2,"1":2,"2":1,"3":1,"4":1,"5":1,"6":1,"7":1,"8":1,"9":1,"10":1,"11":1,"12":1,"13":1,"14":1,"15":1,"16":1,"17":1,"18":1,"19":1,"20":1},"f":{"0":2},"b":{"0":[1,1]},"meta":{"lastBranch":1,"lastFunction":1,"lastStatement":21,"seen":{"f:10:22:10:34":0,"s:11:18:11:52":0,"b:12:2:13:Infinity:undefined:undefined:undefined:undefined":0,"s:12:2:13:Infinity":1,"s:13:4:13:Infinity":2,"s:18:17:23:4":3,"s:25:18:25:47":4,"s:28:14:32:4":5,"s:34:2:36:Infinity":6,"s:38:19:38:50":7,"s:39:19:39:51":8,"s:40:21:40:Infinity":9,"s:43:19:43:Infinity":10,"s:44:17:44:Infinity":11,"s:46:2:46:Infinity":12,"s:47:2:47:Infinity":13,"s:49:2:53:Infinity":14,"s:50:4:50:Infinity":15,"s:51:4:51:Infinity":16,"s:52:4:52:Infinity":17,"s:53:4:53:Infinity":18,"s:56:15:56:33":19,"s:57:2:57:Infinity":20}}}
,"/app/src/lib/utils.ts": {"path":"/app/src/lib/utils.ts","statementMap":{"0":{"start":{"line":10,"column":2},"end":{"line":10,"column":null}},"1":{"start":{"line":15,"column":2},"end":{"line":19,"column":null}},"2":{"start":{"line":16,"column":16},"end":{"line":16,"column":41}},"3":{"start":{"line":17,"column":4},"end":{"line":17,"column":null}},"4":{"start":{"line":19,"column":4},"end":{"line":19,"column":null}},"5":{"start":{"line":24,"column":2},"end":{"line":27,"column":null}},"6":{"start":{"line":25,"column":4},"end":{"line":25,"column":null}},"7":{"start":{"line":27,"column":4},"end":{"line":27,"column":null}},"8":{"start":{"line":33,"column":2},"end":{"line":73,"column":null}},"9":{"start":{"line":56,"column":53},"end":{"line":56,"column":60}},"10":{"start":{"line":57,"column":56},"end":{"line":57,"column":63}},"11":{"start":{"line":58,"column":58},"end":{"line":58,"column":65}},"12":{"start":{"line":59,"column":58},"end":{"line":59,"column":65}},"13":{"start":{"line":61,"column":24},"end":{"line":61,"column":51}},"14":{"start":{"line":78,"column":2},"end":{"line":85,"column":null}},"15":{"start":{"line":90,"column":2},"end":{"line":90,"column":null}},"16":{"start":{"line":98,"column":14},"end":{"line":98,"column":null}},"17":{"start":{"line":99,"column":16},"end":{"line":99,"column":null}},"18":{"start":{"line":100,"column":17},"end":{"line":100,"column":null}},"19":{"start":{"line":101,"column":20},"end":{"line":101,"column":null}},"20":{"start":{"line":103,"column":2},"end":{"line":111,"column":null}},"21":{"start":{"line":104,"column":4},"end":{"line":110,"column":null}},"22":{"start":{"line":105,"column":6},"end":{"line":105,"column":null}},"23":{"start":{"line":106,"column":21},"end":{"line":106,"column":null}},"24":{"start":{"line":107,"column":6},"end":{"line":109,"column":null}},"25":{"start":{"line":107,"column":34},"end":{"line":107,"column":null}},"26":{"start":{"line":108,"column":15},"end":{"line":109,"column":null}},"27":{"start":{"line":108,"column":41},"end":{"line":108,"column":null}},"28":{"start":{"line":109,"column":15},"end":{"line":109,"column":null}},"29":{"start":{"line":109,"column":33},"end":{"line":109,"column":null}},"30":{"start":{"line":113,"column":2},"end":{"line":122,"column":null}},"31":{"start":{"line":120,"column":39},"end":{"line":120,"column":50}},"32":{"start":{"line":121,"column":37},"end":{"line":121,"column":46}}},"fnMap":{"0":{"name":"cn","decl":{"start":{"line":9,"column":16},"end":{"line":9,"column":19}},"loc":{"start":{"line":9,"column":44},"end":{"line":10,"column":null}},"line":9},"1":{"name":"loadStorage","decl":{"start":{"line":14,"column":16},"end":{"line":14,"column":31}},"loc":{"start":{"line":14,"column":54},"end":{"line":19,"column":null}},"line":14},"2":{"name":"saveStorage","decl":{"start":{"line":23,"column":16},"end":{"line":23,"column":31}},"loc":{"start":{"line":23,"column":60},"end":{"line":27,"column":null}},"line":23},"3":{"name":"createBlankProvision","decl":{"start":{"line":32,"column":16},"end":{"line":32,"column":37}},"loc":{"start":{"line":32,"column":62},"end":{"line":73,"column":null}},"line":32},"4":{"name":"(anonymous_4)","decl":{"start":{"line":56,"column":42},"end":{"line":56,"column":47}},"loc":{"start":{"line":56,"column":53},"end":{"line":56,"column":60}},"line":56},"5":{"name":"(anonymous_5)","decl":{"start":{"line":57,"column":45},"end":{"line":57,"column":50}},"loc":{"start":{"line":57,"column":56},"end":{"line":57,"column":63}},"line":57},"6":{"name":"(anonymous_6)","decl":{"start":{"line":58,"column":47},"end":{"line":58,"column":52}},"loc":{"start":{"line":58,"column":58},"end":{"line":58,"column":65}},"line":58},"7":{"name":"(anonymous_7)","decl":{"start":{"line":59,"column":47},"end":{"line":59,"column":52}},"loc":{"start":{"line":59,"column":58},"end":{"line":59,"column":65}},"line":59},"8":{"name":"(anonymous_8)","decl":{"start":{"line":61,"column":13},"end":{"line":61,"column":18}},"loc":{"start":{"line":61,"column":24},"end":{"line":61,"column":51}},"line":61},"9":{"name":"createBlankOldMapping","decl":{"start":{"line":77,"column":16},"end":{"line":77,"column":52}},"loc":{"start":{"line":77,"column":52},"end":{"line":85,"column":null}},"line":77},"10":{"name":"formatSection","decl":{"start":{"line":89,"column":16},"end":{"line":89,"column":30}},"loc":{"start":{"line":89,"column":60},"end":{"line":90,"column":null}},"line":89},"11":{"name":"calculateStats","decl":{"start":{"line":94,"column":16},"end":{"line":94,"column":null}},"loc":{"start":{"line":97,"column":2},"end":{"line":122,"column":null}},"line":97},"12":{"name":"(anonymous_12)","decl":{"start":{"line":103,"column":13},"end":{"line":103,"column":22}},"loc":{"start":{"line":103,"column":28},"end":{"line":111,"column":null}},"line":103},"13":{"name":"(anonymous_13)","decl":{"start":{"line":104,"column":24},"end":{"line":104,"column":33}},"loc":{"start":{"line":104,"column":42},"end":{"line":110,"column":null}},"line":104},"14":{"name":"(anonymous_14)","decl":{"start":{"line":120,"column":25},"end":{"line":120,"column":33}},"loc":{"start":{"line":120,"column":39},"end":{"line":120,"column":50}},"line":120},"15":{"name":"(anonymous_15)","decl":{"start":{"line":121,"column":23},"end":{"line":121,"column":31}},"loc":{"start":{"line":121,"column":37},"end":{"line":121,"column":46}},"line":121}},"branchMap":{"0":{"loc":{"start":{"line":17,"column":11},"end":{"line":17,"column":null}},"type":"cond-expr","locations":[{"start":{"line":17,"column":18},"end":{"line":17,"column":33}},{"start":{"line":17,"column":42},"end":{"line":17,"column":null}}],"line":17},"1":{"loc":{"start":{"line":104,"column":5},"end":{"line":104,"column":22}},"type":"binary-expr","locations":[{"start":{"line":104,"column":5},"end":{"line":104,"column":20}},{"start":{"line":104,"column":20},"end":{"line":104,"column":22}}],"line":104},"2":{"loc":{"start":{"line":107,"column":6},"end":{"line":109,"column":null}},"type":"if","locations":[{"start":{"line":107,"column":6},"end":{"line":109,"column":null}},{"start":{"line":108,"column":15},"end":{"line":109,"column":null}}],"line":107},"3":{"loc":{"start":{"line":108,"column":15},"end":{"line":109,"column":null}},"type":"if","locations":[{"start":{"line":108,"column":15},"end":{"line":109,"column":null}},{"start":{"line":109,"column":15},"end":{"line":109,"column":null}}],"line":108},"4":{"loc":{"start":{"line":109,"column":15},"end":{"line":109,"column":null}},"type":"if","locations":[{"start":{"line":109,"column":15},"end":{"line":109,"column":null}},{"start":{},"end":{}}],"line":109}},"s":{"0":1,"1":5,"2":5,"3":5,"4":2,"5":2,"6":2,"7":1,"8":4,"9":148,"10":148,"11":148,"12":148,"13":148,"14":1,"15":1,"16":10,"17":10,"18":10,"19":10,"20":10,"21":3,"22":3,"23":3,"24":3,"25":1,"26":2,"27":1,"28":1,"29":1,"30":10,"31":3,"32":3},"f":{"0":1,"1":5,"2":2,"3":4,"4":148,"5":148,"6":148,"7":148,"8":148,"9":1,"10":1,"11":10,"12":3,"13":3,"14":3,"15":3},"b":{"0":[2,2],"1":[3,1],"2":[1,2],"3":[1,1],"4":[1,0]},"meta":{"lastBranch":5,"lastFunction":16,"lastStatement":33,"seen":{"f:9:16:9:19":0,"s:10:2:10:Infinity":0,"f:14:16:14:31":1,"s:15:2:19:Infinity":1,"s:16:16:16:41":2,"s:17:4:17:Infinity":3,"b:17:18:17:33:17:42:17:Infinity":0,"s:19:4:19:Infinity":4,"f:23:16:23:31":2,"s:24:2:27:Infinity":5,"s:25:4:25:Infinity":6,"s:27:4:27:Infinity":7,"f:32:16:32:37":3,"s:33:2:73:Infinity":8,"f:56:42:56:47":4,"s:56:53:56:60":9,"f:57:45:57:50":5,"s:57:56:57:63":10,"f:58:47:58:52":6,"s:58:58:58:65":11,"f:59:47:59:52":7,"s:59:58:59:65":12,"f:61:13:61:18":8,"s:61:24:61:51":13,"f:77:16:77:52":9,"s:78:2:85:Infinity":14,"f:89:16:89:30":10,"s:90:2:90:Infinity":15,"f:94:16:94:Infinity":11,"s:98:14:98:Infinity":16,"s:99:16:99:Infinity":17,"s:100:17:100:Infinity":18,"s:101:20:101:Infinity":19,"s:103:2:111:Infinity":20,"f:103:13:103:22":12,"s:104:4:110:Infinity":21,"b:104:5:104:20:104:20:104:22":1,"f:104:24:104:33":13,"s:105:6:105:Infinity":22,"s:106:21:106:Infinity":23,"b:107:6:109:Infinity:108:15:109:Infinity":2,"s:107:6:109:Infinity":24,"s:107:34:107:Infinity":25,"b:108:15:109:Infinity:109:15:109:Infinity":3,"s:108:15:109:Infinity":26,"s:108:41:108:Infinity":27,"b:109:15:109:Infinity:undefined:undefined:undefined:undefined":4,"s:109:15:109:Infinity":28,"s:109:33:109:Infinity":29,"s:113:2:122:Infinity":30,"f:120:25:120:33":14,"s:120:39:120:50":31,"f:121:23:121:31":15,"s:121:37:121:46":32}}}
}
